<?xml version="1.0" encoding="UTF-8"?>
<testsuite name="org.Note.NoteServiceTest2" tests="1" skipped="0" failures="0" errors="0" timestamp="2021-06-09T05:35:36" hostname="TOCHKA0996" time="0.002">
  <properties/>
  <testcase name="deleteTrue" classname="org.Note.NoteServiceTest2" time="0.002"/>
  <system-out><![CDATA[]]></system-out>
  <system-err><![CDATA[]]></system-err>
</testsuite>
