<?xml version="1.0" encoding="UTF-8"?>
<testsuite name="org.Note.NoteServiceTest4" tests="1" skipped="0" failures="0" errors="0" timestamp="2021-06-09T05:10:15" hostname="TOCHKA0996" time="0.001">
  <properties/>
  <testcase name="shouldThrow" classname="org.Note.NoteServiceTest4" time="0.001"/>
  <system-out><![CDATA[]]></system-out>
  <system-err><![CDATA[]]></system-err>
</testsuite>
