<?xml version="1.0" encoding="UTF-8"?>
<testsuite name="org.Note.NoteServiceTest2" tests="1" skipped="0" failures="0" errors="0" timestamp="2021-06-01T09:42:17" hostname="TOCHKA0996" time="0.0">
  <properties/>
  <testcase name="deleteTrue" classname="org.Note.NoteServiceTest2" time="0.0"/>
  <system-out><![CDATA[]]></system-out>
  <system-err><![CDATA[]]></system-err>
</testsuite>
